# JRE version: Java(TM) SE Runtime Environment (8.0_361) (build 1.8.0_361-b09)
# Java VM: Java HotSpot(TM) 64-Bit Server VM (25.361-b09 mixed mode windows-amd64 compressed oops)
Heap:
 PSYoungGen      total 153088K, used 119961K [0x000000076e180000, 0x000000077b480000, 0x00000007c0000000)
  eden space 140800K, 85% used [0x000000076e180000,0x00000007756a6550,0x0000000776b00000)
  from space 12288K, 0% used [0x0000000777880000,0x0000000777880000,0x0000000778480000)
  to   space 13824K, 0% used [0x0000000776b00000,0x0000000776b00000,0x0000000777880000)
 ParOldGen       total 101376K, used 15087K [0x00000006ca400000, 0x00000006d0700000, 0x000000076e180000)
  object space 101376K, 14% used [0x00000006ca400000,0x00000006cb2bbff0,0x00000006d0700000)
 Metaspace       used 47249K, capacity 49686K, committed 49752K, reserved 1091584K
  class space    used 6288K, capacity 6748K, committed 6784K, reserved 1048576K
GC Heap History (10 events):
Event: 1.672 GC heap before
{Heap before GC invocations=4 (full 1):
 PSYoungGen      total 73728K, used 7013K [0x000000076e180000, 0x0000000777180000, 0x00000007c0000000)
  eden space 63488K, 0% used [0x000000076e180000,0x000000076e180000,0x0000000771f80000)
  from space 10240K, 68% used [0x0000000771f80000,0x00000007726596b8,0x0000000772980000)
  to   space 10240K, 0% used [0x0000000776780000,0x0000000776780000,0x0000000777180000)
 ParOldGen       total 167936K, used 32K [0x00000006ca400000, 0x00000006d4800000, 0x000000076e180000)
  object space 167936K, 0% used [0x00000006ca400000,0x00000006ca408000,0x00000006d4800000)
 Metaspace       used 20181K, capacity 21104K, committed 21248K, reserved 1067008K
  class space    used 2517K, capacity 2711K, committed 2816K, reserved 1048576K
Event: 1.688 GC heap after
Heap after GC invocations=4 (full 1):
 PSYoungGen      total 73728K, used 0K [0x000000076e180000, 0x0000000777180000, 0x00000007c0000000)
  eden space 63488K, 0% used [0x000000076e180000,0x000000076e180000,0x0000000771f80000)
  from space 10240K, 0% used [0x0000000771f80000,0x0000000771f80000,0x0000000772980000)
  to   space 10240K, 0% used [0x0000000776780000,0x0000000776780000,0x0000000777180000)
 ParOldGen       total 101376K, used 6686K [0x00000006ca400000, 0x00000006d0700000, 0x000000076e180000)
  object space 101376K, 6% used [0x00000006ca400000,0x00000006caa87ba0,0x00000006d0700000)
 Metaspace       used 20181K, capacity 21104K, committed 21248K, reserved 1067008K
  class space    used 2517K, capacity 2711K, committed 2816K, reserved 1048576K
}
Event: 2.108 GC heap before
{Heap before GC invocations=5 (full 1):
 PSYoungGen      total 73728K, used 63488K [0x000000076e180000, 0x0000000777180000, 0x00000007c0000000)
  eden space 63488K, 100% used [0x000000076e180000,0x0000000771f80000,0x0000000771f80000)
  from space 10240K, 0% used [0x0000000771f80000,0x0000000771f80000,0x0000000772980000)
  to   space 10240K, 0% used [0x0000000776780000,0x0000000776780000,0x0000000777180000)
 ParOldGen       total 101376K, used 6686K [0x00000006ca400000, 0x00000006d0700000, 0x000000076e180000)
  object space 101376K, 6% used [0x00000006ca400000,0x00000006caa87ba0,0x00000006d0700000)
 Metaspace       used 22630K, capacity 23814K, committed 24192K, reserved 1071104K
  class space    used 2842K, capacity 3111K, committed 3200K, reserved 1048576K
Event: 2.111 GC heap after
Heap after GC invocations=5 (full 1):
 PSYoungGen      total 101888K, used 5761K [0x000000076e180000, 0x0000000776d80000, 0x00000007c0000000)
  eden space 95744K, 0% used [0x000000076e180000,0x000000076e180000,0x0000000773f00000)
  from space 6144K, 93% used [0x0000000776780000,0x0000000776d206a8,0x0000000776d80000)
  to   space 10240K, 0% used [0x0000000775980000,0x0000000775980000,0x0000000776380000)
 ParOldGen       total 101376K, used 6694K [0x00000006ca400000, 0x00000006d0700000, 0x000000076e180000)
  object space 101376K, 6% used [0x00000006ca400000,0x00000006caa89ba0,0x00000006d0700000)
 Metaspace       used 22630K, capacity 23814K, committed 24192K, reserved 1071104K
  class space    used 2842K, capacity 3111K, committed 3200K, reserved 1048576K
}
Event: 3.131 GC heap before
{Heap before GC invocations=6 (full 1):
 PSYoungGen      total 101888K, used 101505K [0x000000076e180000, 0x0000000776d80000, 0x00000007c0000000)
  eden space 95744K, 100% used [0x000000076e180000,0x0000000773f00000,0x0000000773f00000)
  from space 6144K, 93% used [0x0000000776780000,0x0000000776d206a8,0x0000000776d80000)
  to   space 10240K, 0% used [0x0000000775980000,0x0000000775980000,0x0000000776380000)
 ParOldGen       total 101376K, used 6694K [0x00000006ca400000, 0x00000006d0700000, 0x000000076e180000)
  object space 101376K, 6% used [0x00000006ca400000,0x00000006caa89ba0,0x00000006d0700000)
 Metaspace       used 28855K, capacity 30860K, committed 31104K, reserved 1077248K
  class space    used 3780K, capacity 4134K, committed 4224K, reserved 1048576K
Event: 3.138 GC heap after
Heap after GC invocations=6 (full 1):
 PSYoungGen      total 133120K, used 10210K [0x000000076e180000, 0x0000000778480000, 0x00000007c0000000)
  eden space 122880K, 0% used [0x000000076e180000,0x000000076e180000,0x0000000775980000)
  from space 10240K, 99% used [0x0000000775980000,0x0000000776378b48,0x0000000776380000)
  to   space 12288K, 0% used [0x0000000777880000,0x0000000777880000,0x0000000778480000)
 ParOldGen       total 101376K, used 7670K [0x00000006ca400000, 0x00000006d0700000, 0x000000076e180000)
  object space 101376K, 7% used [0x00000006ca400000,0x00000006cab7dad8,0x00000006d0700000)
 Metaspace       used 28855K, capacity 30860K, committed 31104K, reserved 1077248K
  class space    used 3780K, capacity 4134K, committed 4224K, reserved 1048576K
}
Event: 3.562 GC heap before
{Heap before GC invocations=7 (full 1):
 PSYoungGen      total 133120K, used 57385K [0x000000076e180000, 0x0000000778480000, 0x00000007c0000000)
  eden space 122880K, 38% used [0x000000076e180000,0x0000000770f91958,0x0000000775980000)
  from space 10240K, 99% used [0x0000000775980000,0x0000000776378b48,0x0000000776380000)
  to   space 12288K, 0% used [0x0000000777880000,0x0000000777880000,0x0000000778480000)
 ParOldGen       total 101376K, used 7670K [0x00000006ca400000, 0x00000006d0700000, 0x000000076e180000)
  object space 101376K, 7% used [0x00000006ca400000,0x00000006cab7dad8,0x00000006d0700000)
 Metaspace       used 33132K, capacity 35316K, committed 35416K, reserved 1079296K
  class space    used 4234K, capacity 4658K, committed 4736K, reserved 1048576K
Event: 3.569 GC heap after
Heap after GC invocations=7 (full 1):
 PSYoungGen      total 153088K, used 11352K [0x000000076e180000, 0x000000077b480000, 0x00000007c0000000)
  eden space 140800K, 0% used [0x000000076e180000,0x000000076e180000,0x0000000776b00000)
  from space 12288K, 92% used [0x0000000777880000,0x0000000778396080,0x0000000778480000)
  to   space 13824K, 0% used [0x0000000776b00000,0x0000000776b00000,0x0000000777880000)
 ParOldGen       total 101376K, used 7678K [0x00000006ca400000, 0x00000006d0700000, 0x000000076e180000)
  object space 101376K, 7% used [0x00000006ca400000,0x00000006cab7fad8,0x00000006d0700000)
 Metaspace       used 33132K, capacity 35316K, committed 35416K, reserved 1079296K
  class space    used 4234K, capacity 4658K, committed 4736K, reserved 1048576K
}
Event: 3.569 GC heap before
{Heap before GC invocations=8 (full 2):
 PSYoungGen      total 153088K, used 11352K [0x000000076e180000, 0x000000077b480000, 0x00000007c0000000)
  eden space 140800K, 0% used [0x000000076e180000,0x000000076e180000,0x0000000776b00000)
  from space 12288K, 92% used [0x0000000777880000,0x0000000778396080,0x0000000778480000)
  to   space 13824K, 0% used [0x0000000776b00000,0x0000000776b00000,0x0000000777880000)
 ParOldGen       total 101376K, used 7678K [0x00000006ca400000, 0x00000006d0700000, 0x000000076e180000)
  object space 101376K, 7% used [0x00000006ca400000,0x00000006cab7fad8,0x00000006d0700000)
 Metaspace       used 33132K, capacity 35316K, committed 35416K, reserved 1079296K
  class space    used 4234K, capacity 4658K, committed 4736K, reserved 1048576K
Event: 3.601 GC heap after
Heap after GC invocations=8 (full 2):
 PSYoungGen      total 153088K, used 0K [0x000000076e180000, 0x000000077b480000, 0x00000007c0000000)
  eden space 140800K, 0% used [0x000000076e180000,0x000000076e180000,0x0000000776b00000)
  from space 12288K, 0% used [0x0000000777880000,0x0000000777880000,0x0000000778480000)
  to   space 13824K, 0% used [0x0000000776b00000,0x0000000776b00000,0x0000000777880000)
 ParOldGen       total 101376K, used 15087K [0x00000006ca400000, 0x00000006d0700000, 0x000000076e180000)
  object space 101376K, 14% used [0x00000006ca400000,0x00000006cb2bbff0,0x00000006d0700000)
 Metaspace       used 33132K, capacity 35316K, committed 35416K, reserved 1079296K
  class space    used 4234K, capacity 4658K, committed 4736K, reserved 1048576K
}

